<?xml version="1.0" encoding="utf-8"?><testsuites name="pytest tests"><testsuite name="pytest" errors="0" failures="0" skipped="0" tests="26" time="2.950" timestamp="2026-05-16T20:22:09.820413+00:00" hostname="agent-env-19bd2299-283c-48f5-9020-f7d7cea8365a"><testcase classname="tests.test_lydomania_phase4a.TestHeatmap" name="test_heatmap_default_window" time="0.226" /><testcase classname="tests.test_lydomania_phase4a.TestHeatmap" name="test_heatmap_custom_window" time="0.060" /><testcase classname="tests.test_lydomania_phase4a.TestHeatmap" name="test_heatmap_unauthenticated_rejected" time="0.047" /><testcase classname="tests.test_lydomania_phase4a.TestHeatmap" name="test_heatmap_non_admin_403" time="0.094" /><testcase classname="tests.test_lydomania_phase4a.TestHeatmap" name="test_heatmap_not_404_route_ordering" time="0.052" /><testcase classname="tests.test_lydomania_phase4a.TestDigest" name="test_build_daily_digest" time="0.084" /><testcase classname="tests.test_lydomania_phase4a.TestDigest" name="test_send_daily_digest_enqueues" time="0.007" /><testcase classname="tests.test_lydomania_phase4a.TestSyncAllDM" name="test_sync_all_no_refresh_no_apply_with_dm" time="0.556" /><testcase classname="tests.test_lydomania_phase4a.TestSyncAllDM" name="test_sync_all_dm_summary_false_skips_dm" time="0.564" /><testcase classname="tests.test_lydomania_phase4a.TestTONChecksum" name="test_invalid_crc_rejected" time="0.049" /><testcase classname="tests.test_lydomania_phase4a.TestTONChecksum" name="test_valid_checksum_passes_address_gate" time="0.044" /><testcase classname="tests.test_lydomania_phase4a.TestTONChecksum" name="test_short_address_rejected" time="0.050" /><testcase classname="tests.test_lydomania_phase4a.TestTONChecksum" name="test_46_As_wrong_checksum_rejected" time="0.044" /><testcase classname="tests.test_lydomania_phase4a.TestTONChecksum" name="test_empty_address_rejected" time="0.042" /><testcase classname="tests.test_lydomania_phase4a.TestAdminSettings" name="test_get_settings_exposes_phase4a_fields" time="0.043" /><testcase classname="tests.test_lydomania_phase4a.TestAdminSettings" name="test_patch_digest_hour_roundtrip" time="0.189" /><testcase classname="tests.test_lydomania_phase4a.TestAdminSettings" name="test_patch_digest_hour_out_of_range_422" time="0.052" /><testcase classname="tests.test_lydomania_phase4a.TestAdminSettings" name="test_patch_max_payout_out_of_range_422" time="0.095" /><testcase classname="tests.test_lydomania_phase4a.TestAdminSettings" name="test_patch_max_payout_in_range_ok" time="0.187" /><testcase classname="tests.test_lydomania_phase4a.TestFloorPricesShape" name="test_floor_prices_is_dict_keyed_by_slug" time="0.047" /><testcase classname="tests.test_lydomania_phase4a.TestBigWinDM" name="test_big_win_enqueue_via_direct_call" time="0.259" /><testcase classname="tests.test_lydomania_phase4a.TestBigWinDM" name="test_big_win_text_contains_huge_win_and_multiplier" time="0.001" /><testcase classname="tests.test_lydomania_phase4a.TestBigWinDM" name="test_below_threshold_no_enqueue" time="0.001" /><testcase classname="tests.test_lydomania_phase4a.TestSFXFiles" name="test_all_eight_wavs_present" time="0.000" /><testcase classname="tests.test_lydomania_phase4a.TestAPScheduler" name="test_health_ok" time="0.051" /><testcase classname="tests.test_lydomania_phase4a.TestAPScheduler" name="test_log_contains_scheduler_started" time="0.003" /></testsuite></testsuites>