<?xml version="1.0" encoding="utf-8"?><testsuites name="pytest tests"><testsuite name="pytest" errors="0" failures="0" skipped="1" tests="14" time="7.546" timestamp="2026-05-16T10:36:27.709407+00:00" hostname="agent-env-19bd2299-283c-48f5-9020-f7d7cea8365a"><testcase classname="backend.tests.test_lydomania_phase1b" name="test_health" time="0.220" /><testcase classname="backend.tests.test_lydomania_phase1b" name="test_list_cases" time="0.128" /><testcase classname="backend.tests.test_lydomania_phase1b.TestInternalGating" name="test_missing_secret_401" time="0.128" /><testcase classname="backend.tests.test_lydomania_phase1b.TestInternalGating" name="test_wrong_secret_401" time="0.105" /><testcase classname="backend.tests.test_lydomania_phase1b.TestInternalGating" name="test_correct_secret_cases" time="0.111" /><testcase classname="backend.tests.test_lydomania_phase1b.TestInternalGating" name="test_balance_for_nonexistent_user" time="0.097" /><testcase classname="backend.tests.test_lydomania_phase1b.TestInternalGating" name="test_deposit_intent_creates_user" time="0.240" /><testcase classname="backend.tests.test_lydomania_phase1b.TestReferralFlow" name="test_full_referral_flow" time="0.924" /><testcase classname="backend.tests.test_lydomania_phase1b.TestReferralFlow" name="test_claim_referral" time="0.317" /><testcase classname="backend.tests.test_lydomania_phase1b.TestBatchOpen" name="test_insufficient_balance_402" time="0.293" /><testcase classname="backend.tests.test_lydomania_phase1b.TestBatchOpen" name="test_batch_rolls_verifiable" time="0.093" /><testcase classname="backend.tests.test_lydomania_phase1b.TestBatchOpen" name="test_batch_inventory_persisted" time="0.126" /><testcase classname="backend.tests.test_lydomania_phase1b.TestShareCard" name="test_share_card_unauthorized_roll_404" time="0.222" /><testcase classname="backend.tests.test_lydomania_phase1b.TestShareCard" name="test_share_card_low_multiplier_400_or_success" time="4.447"><skipped type="pytest.skip" message="No &gt;=2x win generated in test window (RNG-dependent)">/app/backend/tests/test_lydomania_phase1b.py:268: No &gt;=2x win generated in test window (RNG-dependent)</skipped></testcase></testsuite></testsuites>