<?xml version="1.0" encoding="utf-8"?><testsuites name="pytest tests"><testsuite name="pytest" errors="0" failures="0" skipped="0" tests="25" time="108.310" timestamp="2026-05-16T09:30:53.454843+00:00" hostname="agent-env-19bd2299-283c-48f5-9020-f7d7cea8365a"><testcase classname="backend.tests.test_lydomania_phase1a.TestCases" name="test_list_cases_returns_5_calibrated" time="0.238" /><testcase classname="backend.tests.test_lydomania_phase1a.TestCases" name="test_case_detail_basket_probabilities_sum_to_one[stickers_box]" time="0.099" /><testcase classname="backend.tests.test_lydomania_phase1a.TestCases" name="test_case_detail_basket_probabilities_sum_to_one[premium_pack]" time="0.142" /><testcase classname="backend.tests.test_lydomania_phase1a.TestCases" name="test_case_detail_basket_probabilities_sum_to_one[royal_chest]" time="0.111" /><testcase classname="backend.tests.test_lydomania_phase1a.TestCases" name="test_case_detail_basket_probabilities_sum_to_one[diamond_vault]" time="0.112" /><testcase classname="backend.tests.test_lydomania_phase1a.TestCases" name="test_case_detail_basket_probabilities_sum_to_one[mythic_crown]" time="0.101" /><testcase classname="backend.tests.test_lydomania_phase1a.TestCases" name="test_case_detail_404" time="0.096" /><testcase classname="backend.tests.test_lydomania_phase1a.TestFairCurrent" name="test_fair_current_shape" time="0.190" /><testcase classname="backend.tests.test_lydomania_phase1a.TestFairCurrent" name="test_fair_current_requires_auth" time="0.097" /><testcase classname="backend.tests.test_lydomania_phase1a.TestOpenCase" name="test_open_insufficient_balance_402" time="0.248" /><testcase classname="backend.tests.test_lydomania_phase1a.TestOpenCase" name="test_open_happy_path_full_shape_and_atomic_deduction" time="0.523" /><testcase classname="backend.tests.test_lydomania_phase1a.TestOpenCase" name="test_independent_fair_verify" time="0.388" /><testcase classname="backend.tests.test_lydomania_phase1a.TestOpenCase" name="test_nonce_monotonic_increment" time="0.708" /><testcase classname="backend.tests.test_lydomania_phase1a.TestInventory" name="test_inventory_lists_new_item_after_open" time="0.392" /><testcase classname="backend.tests.test_lydomania_phase1a.TestInventory" name="test_sell_credits_balance_then_idempotent_409" time="0.757" /><testcase classname="backend.tests.test_lydomania_phase1a.TestInventory" name="test_withdraw_then_double_action_409" time="0.700" /><testcase classname="backend.tests.test_lydomania_phase1a.TestInventory" name="test_cross_user_isolation" time="0.761" /><testcase classname="backend.tests.test_lydomania_phase1a.TestConcurrency" name="test_concurrent_open_double_spend_protection" time="0.563" /><testcase classname="backend.tests.test_lydomania_phase1a.TestEVSanity" name="test_empirical_ev_within_20pct_of_85_pct" time="101.132" /><testcase classname="backend.tests.test_lydomania_phase1a.TestRegressions" name="test_health_still_ok" time="0.089" /><testcase classname="backend.tests.test_lydomania_phase1a.TestRegressions" name="test_deposit_address_unique" time="0.294" /><testcase classname="backend.tests.test_lydomania_phase1a.TestRegressions" name="test_dev_login_still_works" time="0.110" /><testcase classname="backend.tests.test_lydomania_phase1a.TestRegressions" name="test_openapi_contains_game_routes" time="0.111" /><testcase classname="backend.tests.test_lydomania_phase1a.TestStatic" name="test_static_case_png_head" time="0.100" /><testcase classname="backend.tests.test_lydomania_phase1a.TestStatic" name="test_static_item_png_head" time="0.094" /></testsuite></testsuites>