<?xml version="1.0" encoding="utf-8"?><testsuites name="pytest tests"><testsuite name="pytest" errors="0" failures="4" skipped="0" tests="39" time="8.139" timestamp="2026-05-16T17:43:51.205274+00:00" hostname="agent-env-19bd2299-283c-48f5-9020-f7d7cea8365a"><testcase classname="backend.tests.test_lydomania_phase3a.TestRegressionRefactor" name="test_health" time="0.152" /><testcase classname="backend.tests.test_lydomania_phase3a.TestRegressionRefactor" name="test_openapi" time="0.109"><failure message="requests.exceptions.JSONDecodeError: Expecting value: line 1 column 1 (char 0)">E   json.decoder.JSONDecodeError: Expecting value: line 1 column 1 (char 0)

During handling of the above exception, another exception occurred:
E   requests.exceptions.JSONDecodeError: Expecting value: line 1 column 1 (char 0)</failure></testcase><testcase classname="backend.tests.test_lydomania_phase3a.TestRegressionRefactor" name="test_dev_login_and_me" time="0.304" /><testcase classname="backend.tests.test_lydomania_phase3a.TestRegressionRefactor" name="test_dev_credit" time="0.104" /><testcase classname="backend.tests.test_lydomania_phase3a.TestRegressionRefactor" name="test_cases_list_and_detail" time="0.206" /><testcase classname="backend.tests.test_lydomania_phase3a.TestRegressionRefactor" name="test_case_open_and_fair" time="0.407"><failure message="assert 422 == 200&#10; +  where 422 = &lt;Response [422]&gt;.status_code">E   assert 422 == 200
     +  where 422 = &lt;Response [422]&gt;.status_code</failure></testcase><testcase classname="backend.tests.test_lydomania_phase3a.TestRegressionRefactor" name="test_inventory_and_sell" time="0.418"><failure message="AssertionError: assert 'new_balance' in {'balance_ton': 488.0}&#10; +  where {'balance_ton': 488.0} = json()&#10; +    where json = &lt;Response [200]&gt;.json">E   AssertionError: assert 'new_balance' in {'balance_ton': 488.0}
     +  where {'balance_ton': 488.0} = json()
     +    where json = &lt;Response [200]&gt;.json</failure></testcase><testcase classname="backend.tests.test_lydomania_phase3a.TestRegressionRefactor" name="test_withdraw_request_and_cancel" time="0.578" /><testcase classname="backend.tests.test_lydomania_phase3a.TestRegressionRefactor" name="test_referrals_me" time="0.124" /><testcase classname="backend.tests.test_lydomania_phase3a.TestRegressionRefactor" name="test_share_card_generate" time="0.341"><failure message="AssertionError: {&quot;detail&quot;:&quot;win not big enough to share (mult=0.20, need &gt;= 2.0)&quot;}&#10;assert 400 in (200, 201)&#10; +  where 400 = &lt;Response [400]&gt;.status_code">E   AssertionError: {"detail":"win not big enough to share (mult=0.20, need &gt;= 2.0)"}
    assert 400 in (200, 201)
     +  where 400 = &lt;Response [400]&gt;.status_code</failure></testcase><testcase classname="backend.tests.test_lydomania_phase3a.TestRegressionRefactor" name="test_internal_balance" time="0.224" /><testcase classname="backend.tests.test_lydomania_phase3a.TestRegressionRefactor" name="test_admin_withdrawals_list" time="0.205" /><testcase classname="backend.tests.test_lydomania_phase3a.TestAdminAuth" name="test_admin_sentinel_is_admin" time="0.120" /><testcase classname="backend.tests.test_lydomania_phase3a.TestAdminAuth" name="test_admin_real_is_admin" time="0.218" /><testcase classname="backend.tests.test_lydomania_phase3a.TestAdminAuth" name="test_non_admin_user" time="0.095" /><testcase classname="backend.tests.test_lydomania_phase3a.TestAdminAuth" name="test_non_admin_blocked_from_admin_routes" time="0.410" /><testcase classname="backend.tests.test_lydomania_phase3a.TestAdminCases" name="test_list_includes_seeded" time="0.099" /><testcase classname="backend.tests.test_lydomania_phase3a.TestAdminCases" name="test_create_case" time="0.317" /><testcase classname="backend.tests.test_lydomania_phase3a.TestAdminCases" name="test_create_duplicate_409" time="0.097" /><testcase classname="backend.tests.test_lydomania_phase3a.TestAdminCases" name="test_patch_case" time="0.099" /><testcase classname="backend.tests.test_lydomania_phase3a.TestAdminCases" name="test_calibrate" time="0.121" /><testcase classname="backend.tests.test_lydomania_phase3a.TestAdminCases" name="test_stats" time="0.103" /><testcase classname="backend.tests.test_lydomania_phase3a.TestAdminCases" name="test_soft_delete_and_public_hides" time="0.357" /><testcase classname="backend.tests.test_lydomania_phase3a.TestAdminItems" name="test_search_pepe" time="0.096" /><testcase classname="backend.tests.test_lydomania_phase3a.TestAdminItems" name="test_create_item" time="0.221" /><testcase classname="backend.tests.test_lydomania_phase3a.TestAdminItems" name="test_create_duplicate_409" time="0.129" /><testcase classname="backend.tests.test_lydomania_phase3a.TestAdminItems" name="test_patch_item" time="0.100" /><testcase classname="backend.tests.test_lydomania_phase3a.TestAdminItems" name="test_delete_unused" time="0.103" /><testcase classname="backend.tests.test_lydomania_phase3a.TestAdminItems" name="test_delete_in_use_409" time="0.109" /><testcase classname="backend.tests.test_lydomania_phase3a.TestAdminItems" name="test_refetch_fragment" time="0.242" /><testcase classname="backend.tests.test_lydomania_phase3a.TestAdminSettings" name="test_get_has_all_fields" time="0.106" /><testcase classname="backend.tests.test_lydomania_phase3a.TestAdminSettings" name="test_patch_persists" time="0.210" /><testcase classname="backend.tests.test_lydomania_phase3a.TestAdminSettings" name="test_patch_validation_422" time="0.109" /><testcase classname="backend.tests.test_lydomania_phase3a.TestAdminSettings" name="test_reset_defaults" time="0.112" /><testcase classname="backend.tests.test_lydomania_phase3a.TestAdminPortals" name="test_paste_in_auth" time="0.216" /><testcase classname="backend.tests.test_lydomania_phase3a.TestAdminPortals" name="test_portals_test_returns_structured" time="0.178" /><testcase classname="backend.tests.test_lydomania_phase3a.TestReferrals" name="test_new_user_bronze" time="0.198" /><testcase classname="backend.tests.test_lydomania_phase3a.TestReferrals" name="test_self_referral_blocked" time="0.345" /><testcase classname="backend.tests.test_lydomania_phase3a.TestReferrals" name="test_normal_referral_tags" time="0.321" /></testsuite></testsuites>