<?xml version="1.0" encoding="utf-8"?><testsuites name="pytest tests"><testsuite name="pytest" errors="0" failures="0" skipped="0" tests="15" time="1.925" timestamp="2026-05-15T23:29:49.475719+00:00" hostname="agent-env-19bd2299-283c-48f5-9020-f7d7cea8365a"><testcase classname="backend.tests.test_lydomania_backend.TestPublic" name="test_health" time="0.253" /><testcase classname="backend.tests.test_lydomania_backend.TestPublic" name="test_openapi" time="0.062" /><testcase classname="backend.tests.test_lydomania_backend.TestPublic" name="test_vault_info" time="0.054" /><testcase classname="backend.tests.test_lydomania_backend.TestAuthTelegram" name="test_invalid_initdata_hash" time="0.053" /><testcase classname="backend.tests.test_lydomania_backend.TestAuthTelegram" name="test_empty_initdata" time="0.052" /><testcase classname="backend.tests.test_lydomania_backend.TestDevLogin" name="test_dev_login_returns_token_and_user" time="0.052" /><testcase classname="backend.tests.test_lydomania_backend.TestDevLogin" name="test_jwt_decodes_with_claims_and_24h_exp" time="0.065" /><testcase classname="backend.tests.test_lydomania_backend.TestMe" name="test_me_with_token" time="0.108" /><testcase classname="backend.tests.test_lydomania_backend.TestMe" name="test_me_without_token" time="0.118" /><testcase classname="backend.tests.test_lydomania_backend.TestWallet" name="test_deposit_address_returns_unique_memos" time="0.182" /><testcase classname="backend.tests.test_lydomania_backend.TestWallet" name="test_dev_credit_increments_balance" time="0.217" /><testcase classname="backend.tests.test_lydomania_backend.TestWallet" name="test_dev_credit_invalid_amount_422" time="0.167" /><testcase classname="backend.tests.test_lydomania_backend.TestPortals" name="test_portals_listings_returns_listings" time="0.142" /><testcase classname="backend.tests.test_lydomania_backend.TestPersistenceAndWatcher" name="test_mongo_collections_populated_and_no_objectid_leak" time="0.242" /><testcase classname="backend.tests.test_lydomania_backend.TestPersistenceAndWatcher" name="test_deposit_watcher_started_log" time="0.001" /></testsuite></testsuites>