<?xml version="1.0" encoding="utf-8"?><testsuites name="pytest tests"><testsuite name="pytest" errors="0" failures="0" skipped="0" tests="11" time="78.891" timestamp="2026-05-16T19:52:15.707440+00:00" hostname="agent-env-19bd2299-283c-48f5-9020-f7d7cea8365a"><testcase classname="tests.test_lydomania_phase3c.TestAdminAuth" name="test_non_admin_blocked" time="0.215" /><testcase classname="tests.test_lydomania_phase3c.TestAdminAuth" name="test_no_auth_blocked" time="0.067" /><testcase classname="tests.test_lydomania_phase3c.TestSettings" name="test_get_settings_includes_max_payout_multiplier" time="0.141" /><testcase classname="tests.test_lydomania_phase3c.TestSettings" name="test_patch_max_payout_multiplier_roundtrip" time="0.276" /><testcase classname="tests.test_lydomania_phase3c.TestFloorPricesStats" name="test_floor_prices_stats_ok" time="0.071" /><testcase classname="tests.test_lydomania_phase3c.TestSyncFloors" name="test_sync_floors_dry_run" time="0.137" /><testcase classname="tests.test_lydomania_phase3c.TestSyncFloors" name="test_sync_floors_apply" time="0.136" /><testcase classname="tests.test_lydomania_phase3c.TestRecalibrateAll" name="test_dry_run_returns_ok_per_case_and_90pct_ev" time="0.078" /><testcase classname="tests.test_lydomania_phase3c.TestRecalibrateAll" name="test_apply_persists_basket" time="0.524" /><testcase classname="tests.test_lydomania_phase3c.TestSyncAll" name="test_sync_all_chain_and_data_integrity" time="77.083" /><testcase classname="tests.test_lydomania_phase3c.TestDropBehavior" name="test_small_multiplier_drops_expensive_items" time="0.071" /></testsuite></testsuites>