<?xml version="1.0" encoding="utf-8"?><testsuites name="pytest tests"><testsuite name="pytest" errors="0" failures="1" skipped="0" tests="33" time="3.791" timestamp="2026-05-16T20:57:40.038848+00:00" hostname="agent-env-19bd2299-283c-48f5-9020-f7d7cea8365a"><testcase classname="tests.test_lydomania_phase4b.TestAdminPromosCRUD" name="test_create_promo" time="0.284" /><testcase classname="tests.test_lydomania_phase4b.TestAdminPromosCRUD" name="test_duplicate_returns_409" time="0.054" /><testcase classname="tests.test_lydomania_phase4b.TestAdminPromosCRUD" name="test_invalid_type_rejected" time="0.045" /><testcase classname="tests.test_lydomania_phase4b.TestAdminPromosCRUD" name="test_list_includes_seed_promos" time="0.046" /><testcase classname="tests.test_lydomania_phase4b.TestAdminPromosCRUD" name="test_get_by_code_includes_recent_redemptions" time="0.047" /><testcase classname="tests.test_lydomania_phase4b.TestAdminPromosCRUD" name="test_patch_updates_value_enabled" time="0.045" /><testcase classname="tests.test_lydomania_phase4b.TestAdminPromosCRUD" name="test_delete_soft_disables" time="0.093" /><testcase classname="tests.test_lydomania_phase4b.TestPromoRedeem" name="test_welcome5_credits_5_ton" time="0.182" /><testcase classname="tests.test_lydomania_phase4b.TestPromoRedeem" name="test_welcome5_second_attempt_rejected" time="0.140" /><testcase classname="tests.test_lydomania_phase4b.TestPromoRedeem" name="test_freespin_increments_token_up_to_3" time="0.317" /><testcase classname="tests.test_lydomania_phase4b.TestPromoRedeem" name="test_unknown_code_rejected" time="0.089" /><testcase classname="tests.test_lydomania_phase4b.TestPromoRedeem" name="test_disabled_code_rejected" time="0.139"><failure message="AssertionError: expected 400/404 disabled, got 200: {&quot;code&quot;:&quot;DIS_220852&quot;,&quot;applied&quot;:{&quot;type&quot;:&quot;ton_bonus&quot;,&quot;credited_ton&quot;:1.0,&quot;new_balance_ton&quot;:1.0}}&#10;assert 200 in (400, 404)&#10; +  where 200 = &lt;Response [200]&gt;.status_code">tests/test_lydomania_phase4b.py:188: in test_disabled_code_rejected
    assert r.status_code in (400, 404), f"expected 400/404 disabled, got {r.status_code}: {r.text}"
E   AssertionError: expected 400/404 disabled, got 200: {"code":"DIS_220852","applied":{"type":"ton_bonus","credited_ton":1.0,"new_balance_ton":1.0}}
E   assert 200 in (400, 404)
E    +  where 200 = &lt;Response [200]&gt;.status_code</failure></testcase><testcase classname="tests.test_lydomania_phase4b.TestFreeCase" name="test_cooldown_brand_new_user_available" time="0.087" /><testcase classname="tests.test_lydomania_phase4b.TestFreeCase" name="test_first_open_succeeds" time="0.136" /><testcase classname="tests.test_lydomania_phase4b.TestFreeCase" name="test_freespin_token_bypasses_cooldown" time="0.227" /><testcase classname="tests.test_lydomania_phase4b.TestFreeCase" name="test_batch_open_rejected_for_free_case" time="0.100" /><testcase classname="tests.test_lydomania_phase4b.TestLeaderboard" name="test_wagered_week_shape" time="0.095" /><testcase classname="tests.test_lydomania_phase4b.TestLeaderboard" name="test_won_single_all" time="0.095" /><testcase classname="tests.test_lydomania_phase4b.TestLeaderboard" name="test_referrers" time="0.098" /><testcase classname="tests.test_lydomania_phase4b.TestLeaderboard" name="test_invalid_view_400" time="0.090" /><testcase classname="tests.test_lydomania_phase4b.TestLeaderboard" name="test_invalid_period_422" time="0.091" /><testcase classname="tests.test_lydomania_phase4b.TestAdminDigestPreview" name="test_preview_default" time="0.050" /><testcase classname="tests.test_lydomania_phase4b.TestAdminDigestPreview" name="test_preview_window_param" time="0.114" /><testcase classname="tests.test_lydomania_phase4b.TestSyncAllRegression" name="test_sync_all_still_works_and_enqueues" time="0.636" /><testcase classname="tests.test_lydomania_phase4b.TestAdminSettingsPortals" name="test_settings_includes_portals_fields" time="0.055" /><testcase classname="tests.test_lydomania_phase4b.TestAdminSettingsPortals" name="test_patch_mode_mock" time="0.088" /><testcase classname="tests.test_lydomania_phase4b.TestAdminSettingsPortals" name="test_patch_mode_invalid_422" time="0.044" /><testcase classname="tests.test_lydomania_phase4b.TestTonSender" name="test_build_nft_transfer_body_returns_cell_with_op" time="0.043" /><testcase classname="tests.test_lydomania_phase4b.TestTonSender" name="test_send_dry_run_returns_drydry" time="0.001" /><testcase classname="tests.test_lydomania_phase4b.TestAutoFulfillDryRun" name="test_dry_run_success_with_cheap_item" time="0.054" /><testcase classname="tests.test_lydomania_phase4b.TestPortalsClientFactory" name="test_factory_returns_mock_when_mode_mock" time="0.045" /><testcase classname="tests.test_lydomania_phase4b.TestLeaderboardSnapshot" name="test_snapshot_writes_doc" time="0.015" /><testcase classname="tests.test_lydomania_phase4b.TestSchedulerLog" name="test_log_contains_weekly_snapshot" time="0.002" /></testsuite></testsuites>