<?xml version="1.0" encoding="utf-8"?><testsuites name="pytest tests"><testsuite name="pytest" errors="0" failures="0" skipped="3" tests="22" time="4.033" timestamp="2026-05-16T18:14:45.049372+00:00" hostname="agent-env-19bd2299-283c-48f5-9020-f7d7cea8365a"><testcase classname="tests.test_lydomania_phase3b.TestFloorPricesPublic" name="test_floor_prices_no_auth" time="0.218" /><testcase classname="tests.test_lydomania_phase3b.TestFloorPricesPublic" name="test_floor_prices_count_at_least_50" time="0.106" /><testcase classname="tests.test_lydomania_phase3b.TestFloorPricesPublic" name="test_floor_prices_entry_shape" time="0.104" /><testcase classname="tests.test_lydomania_phase3b.TestFloorPricesPublic" name="test_floor_prices_single_slug_query" time="0.204" /><testcase classname="tests.test_lydomania_phase3b.TestFloorPricesAdmin" name="test_admin_stats" time="0.210" /><testcase classname="tests.test_lydomania_phase3b.TestFloorPricesAdmin" name="test_admin_stats_drift_filter" time="0.103" /><testcase classname="tests.test_lydomania_phase3b.TestFloorPricesAdmin" name="test_admin_stats_requires_admin" time="0.241" /><testcase classname="tests.test_lydomania_phase3b.TestFloorPricesAdmin" name="test_admin_refresh_now" time="0.000"><skipped type="pytest.skip" message="SKIP_SLOW=1">/app/backend/tests/test_lydomania_phase3b.py:155: SKIP_SLOW=1</skipped></testcase><testcase classname="tests.test_lydomania_phase3b.TestPortalsFernet" name="test_set_authdata_returns_fernet" time="0.103" /><testcase classname="tests.test_lydomania_phase3b.TestPortalsFernet" name="test_settings_reflects_authdata_set" time="0.098" /><testcase classname="tests.test_lydomania_phase3b.TestPortalsFernet" name="test_portals_test_returns_unreachable" time="0.199" /><testcase classname="tests.test_lydomania_phase3b.TestAutoFulfillRails" name="test_settings_has_auto_fulfill_dry_run_default_true" time="0.122"><skipped type="pytest.skip" message="BACKEND GAP: auto_fulfill_dry_run is read by services/auto_fulfill.py but not exposed in GET /api/admin/settings nor settable via PATCH">/app/backend/tests/test_lydomania_phase3b.py:212: BACKEND GAP: auto_fulfill_dry_run is read by services/auto_fulfill.py but not exposed in GET /api/admin/settings nor settable via PATCH</skipped></testcase><testcase classname="tests.test_lydomania_phase3b.TestAutoFulfillRails" name="test_inline_auto_fulfill_once_disabled_skip" time="0.231" /><testcase classname="tests.test_lydomania_phase3b.TestAutoFulfillRails" name="test_inline_auto_fulfill_once_threshold_zero" time="0.100"><skipped type="pytest.skip" message="Cannot invoke: Task &lt;Task pending name='Task-2' coro=&lt;auto_fulfill_once() running at /app/backend/services/auto_fulfill.py:128&gt; cb=[_run_until_complete_cb() at /usr/local/lib/python3.11/asyncio/base_events.py:181]&gt; got Future &lt;Future pending cb=[_chain_future.&lt;locals&gt;._call_check_cancel() at /usr/local/lib/python3.11/asyncio/futures.py:387]&gt; attached to a different loop">/app/backend/tests/test_lydomania_phase3b.py:266: Cannot invoke: Task &lt;Task pending name='Task-2' coro=&lt;auto_fulfill_once() running at /app/backend/services/auto_fulfill.py:128&gt; cb=[_run_until_complete_cb() at /usr/local/lib/python3.11/asyncio/base_events.py:181]&gt; got Future &lt;Future pending cb=[_chain_future.&lt;locals&gt;._call_check_cancel() at /usr/local/lib/python3.11/asyncio/futures.py:387]&gt; attached to a different loop</skipped></testcase><testcase classname="tests.test_lydomania_phase3b.TestAutoFulfillRails" name="test_cleanup_reset_settings" time="0.107" /><testcase classname="tests.test_lydomania_phase3b.TestRegression" name="test_health" time="0.123" /><testcase classname="tests.test_lydomania_phase3b.TestRegression" name="test_cases_list" time="0.122" /><testcase classname="tests.test_lydomania_phase3b.TestRegression" name="test_full_user_flow" time="0.871" /><testcase classname="tests.test_lydomania_phase3b.TestRegression" name="test_admin_endpoints_smoke" time="0.481" /><testcase classname="tests.smoke_test" name="test_health" time="0.024" /><testcase classname="tests.smoke_test" name="test_fair_open_verify_chain" time="0.139" /><testcase classname="tests.smoke_test" name="test_floor_prices_public_endpoint_shape" time="0.023" /></testsuite></testsuites>