<?xml version="1.0" encoding="utf-8"?><testsuites name="pytest tests"><testsuite name="pytest" errors="0" failures="0" skipped="0" tests="12" time="1.529" timestamp="2026-05-16T13:27:38.183405+00:00" hostname="agent-env-19bd2299-283c-48f5-9020-f7d7cea8365a"><testcase classname="backend.tests.test_lydomania_phase2_delta" name="test_static_item_image_is_real_png[plush_pepe]" time="0.218" /><testcase classname="backend.tests.test_lydomania_phase2_delta" name="test_static_item_image_is_real_png[snake_box]" time="0.048" /><testcase classname="backend.tests.test_lydomania_phase2_delta" name="test_static_item_image_is_real_png[durov_cap]" time="0.048" /><testcase classname="backend.tests.test_lydomania_phase2_delta" name="test_static_item_image_is_real_png[perfume_bottle]" time="0.050" /><testcase classname="backend.tests.test_lydomania_phase2_delta" name="test_static_item_image_is_real_png[lol_pop]" time="0.044" /><testcase classname="backend.tests.test_lydomania_phase2_delta" name="test_static_item_image_is_real_png[astral_shard]" time="0.050" /><testcase classname="backend.tests.test_lydomania_phase2_delta" name="test_fulfill_rejects_invalid_gift_source" time="0.351" /><testcase classname="backend.tests.test_lydomania_phase2_delta" name="test_fulfill_accepts_variant_info_and_fragment_source" time="0.206" /><testcase classname="backend.tests.test_lydomania_phase2_delta" name="test_fulfill_without_variant_info_defaults_to_floor" time="0.295" /><testcase classname="backend.tests.test_lydomania_phase2_delta" name="test_regression_health" time="0.043" /><testcase classname="backend.tests.test_lydomania_phase2_delta" name="test_regression_cases_list" time="0.044" /><testcase classname="backend.tests.test_lydomania_phase2_delta" name="test_regression_admin_list" time="0.054" /></testsuite></testsuites>