<?xml version="1.0" encoding="utf-8"?><testsuites name="pytest tests"><testsuite name="pytest" errors="0" failures="0" skipped="0" tests="34" time="63.754" timestamp="2026-05-16T13:13:09.115602+00:00" hostname="agent-env-19bd2299-283c-48f5-9020-f7d7cea8365a"><testcase classname="backend.tests.test_lydomania_phase2" name="test_health_regression" time="0.178" /><testcase classname="backend.tests.test_lydomania_phase2" name="test_cases_list_regression" time="0.112" /><testcase classname="backend.tests.test_lydomania_phase2" name="test_single_open_regression" time="0.442" /><testcase classname="backend.tests.test_lydomania_phase2" name="test_batch_open_regression" time="0.423" /><testcase classname="backend.tests.test_lydomania_phase2" name="test_referrals_me_regression" time="0.209" /><testcase classname="backend.tests.test_lydomania_phase2.TestAdminAuth" name="test_admin_login_is_admin_true" time="0.200" /><testcase classname="backend.tests.test_lydomania_phase2.TestAdminAuth" name="test_nonadmin_login_is_admin_false" time="0.192" /><testcase classname="backend.tests.test_lydomania_phase2.TestAdminAuth" name="test_nonadmin_blocked_from_admin_route" time="0.101" /><testcase classname="backend.tests.test_lydomania_phase2.TestAdminAuth" name="test_admin_allowed" time="0.122" /><testcase classname="backend.tests.test_lydomania_phase2.TestWithdrawValidation" name="test_bad_address_400" time="0.754" /><testcase classname="backend.tests.test_lydomania_phase2.TestWithdrawValidation" name="test_missing_body_422" time="0.103" /><testcase classname="backend.tests.test_lydomania_phase2.TestWithdrawValidation" name="test_valid_uq_success" time="0.122" /><testcase classname="backend.tests.test_lydomania_phase2.TestWithdrawValidation" name="test_second_withdraw_on_same_inv_409" time="0.104" /><testcase classname="backend.tests.test_lydomania_phase2.TestWithdrawValidation" name="test_valid_eq_success" time="0.559" /><testcase classname="backend.tests.test_lydomania_phase2.TestUserWithdrawalE2E" name="test_full_flow" time="0.983" /><testcase classname="backend.tests.test_lydomania_phase2.TestUserWithdrawalE2E" name="test_cancel_flow" time="0.329" /><testcase classname="backend.tests.test_lydomania_phase2.TestUserWithdrawalE2E" name="test_cancel_other_user_withdrawal" time="0.902" /><testcase classname="backend.tests.test_lydomania_phase2.TestAdminQueueOps" name="test_start_pending" time="2.993" /><testcase classname="backend.tests.test_lydomania_phase2.TestAdminQueueOps" name="test_fulfill_from_processing" time="0.337" /><testcase classname="backend.tests.test_lydomania_phase2.TestAdminQueueOps" name="test_fulfill_directly_from_pending" time="0.152" /><testcase classname="backend.tests.test_lydomania_phase2.TestAdminQueueOps" name="test_fulfill_bad_gift_source_422" time="1.393" /><testcase classname="backend.tests.test_lydomania_phase2.TestAdminQueueOps" name="test_reject_short_reason_422" time="0.155" /><testcase classname="backend.tests.test_lydomania_phase2.TestAdminQueueOps" name="test_reject_valid_reason" time="0.334" /><testcase classname="backend.tests.test_lydomania_phase2.TestAdminListStats" name="test_list_with_user_embed" time="0.336" /><testcase classname="backend.tests.test_lydomania_phase2.TestAdminListStats" name="test_list_status_filter[pending]" time="0.162" /><testcase classname="backend.tests.test_lydomania_phase2.TestAdminListStats" name="test_list_status_filter[processing]" time="0.153" /><testcase classname="backend.tests.test_lydomania_phase2.TestAdminListStats" name="test_list_status_filter[fulfilled]" time="0.161" /><testcase classname="backend.tests.test_lydomania_phase2.TestAdminListStats" name="test_list_status_filter[rejected]" time="0.163" /><testcase classname="backend.tests.test_lydomania_phase2.TestAdminListStats" name="test_list_status_filter[all]" time="0.161" /><testcase classname="backend.tests.test_lydomania_phase2.TestAdminListStats" name="test_stats" time="0.168" /><testcase classname="backend.tests.test_lydomania_phase2.TestNotificationsOutbox" name="test_pending_requires_secret" time="0.153" /><testcase classname="backend.tests.test_lydomania_phase2.TestNotificationsOutbox" name="test_pending_wrong_secret" time="0.157" /><testcase classname="backend.tests.test_lydomania_phase2.TestNotificationsOutbox" name="test_pending_and_ack_success" time="2.007" /><testcase classname="backend.tests.test_lydomania_phase2.TestNotificationsOutbox" name="test_ack_failure" time="48.819" /></testsuite></testsuites>